<?xml version="1.0" encoding="UTF-8"?>
<!-- Generated by org.testng.reporters.JUnitReportReporter -->
<testsuite hostname="LAPTOP-1EUDJA5S" failures="0" tests="5" name="Test.Login_Test" time="9.874" errors="0" timestamp="2024-06-05T00:01:57 IST" skipped="0">
  <testcase classname="Test.Login_Test" name="login_TestCase_without_entering_credentials" time="0.089"/>
  <testcase classname="Test.Login_Test" name="login_TestCase_invalidUsername_invalidPassword" time="1.781"/>
  <testcase classname="Test.Login_Test" name="login_TestCase_invalidUsername_validPassword" time="1.512"/>
  <testcase classname="Test.Login_Test" name="login_TestCase_validUsername_invalidPassword" time="1.708"/>
  <testcase classname="Test.Login_Test" name="login_TestCase_validUsername_validPassword" time="4.784"/>
</testsuite> <!-- Test.Login_Test -->
