<?xml version="1.0" encoding="UTF-8"?>
<!-- Generated by org.testng.reporters.JUnitReportReporter -->
<testsuite hostname="LAPTOP-1EUDJA5S" failures="0" tests="9" name="Test.Viewreport_Test" time="11.140" errors="0" timestamp="2024-06-05T00:07:58 IST" skipped="0">
  <testcase classname="Test.Viewreport_Test" name="login_TestCase_without_entering_credentials" time="0.053"/>
  <testcase classname="Test.Viewreport_Test" name="login_TestCase_validUsername_validPassword" time="4.639"/>
  <testcase classname="Test.Viewreport_Test" name="Perform_Reports" time="3.289"/>
  <testcase classname="Test.Viewreport_Test" name="Switch_to_iframe_Access_Select_drop_Id" time="0.306"/>
  <testcase classname="Test.Viewreport_Test" name="EnterId_Search_for_textBox" time="0.145"/>
  <testcase classname="Test.Viewreport_Test" name="Click_Search_Button_Access_Id" time="2.299"/>
  <testcase classname="Test.Viewreport_Test" name="Click_Reset_Button_Clear_Id" time="0.134"/>
  <testcase classname="Test.Viewreport_Test" name="Click_Link_Text_newrpoet" time="0.140"/>
  <testcase classname="Test.Viewreport_Test" name="Click_Back_Button_Reverse_View_ReportEmployee" time="0.135"/>
</testsuite> <!-- Test.Viewreport_Test -->
